<?xml version="1.0" encoding="UTF-8"?>
<!-- Generated by org.testng.reporters.JUnitReportReporter -->
<testsuite hostname="COYL000MP1C83A3" failures="0" tests="1" name="com.google.GoogleeTest" time="9.324" errors="0" timestamp="05 jun 2021 13:39:29 GMT" skipped="0">
  <testcase classname="com.google.GoogleeTest" name="f" time="9.324"/>
</testsuite> <!-- com.google.GoogleeTest -->
